0 info it worked if it ends with ok
1 verbose cli [ '/usr/local/bin/node', '/usr/local/bin/npm', 'login' ]
2 info using npm@3.10.8
3 info using node@v6.9.0
4 warn Name must be lowercase
5 verbose stack Error: canceled
5 verbose stack     at Interface.<anonymous> (/usr/local/lib/node_modules/npm/node_modules/read/lib/read.js:66:13)
5 verbose stack     at emitNone (events.js:86:13)
5 verbose stack     at Interface.emit (events.js:185:7)
5 verbose stack     at Interface._ttyWrite (readline.js:726:16)
5 verbose stack     at ReadStream.onkeypress (readline.js:126:10)
5 verbose stack     at emitTwo (events.js:106:13)
5 verbose stack     at ReadStream.emit (events.js:191:7)
5 verbose stack     at emitKeys (internal/readline.js:389:14)
5 verbose stack     at next (native)
5 verbose stack     at ReadStream.onData (readline.js:972:36)
6 verbose cwd /Users/djs/Google Drive/development/expectInputs
7 error Darwin 15.6.0
8 error argv "/usr/local/bin/node" "/usr/local/bin/npm" "login"
9 error node v6.9.0
10 error npm  v3.10.8
11 error canceled
12 error If you need help, you may report this error at:
12 error     <https://github.com/npm/npm/issues>
13 verbose exit [ 1, true ]
